# JRE version: 7.0_21-b12
# Java VM: Java HotSpot(TM) 64-Bit Server VM (23.21-b01 mixed mode bsd-amd64 compressed oops)
Heap
 def new generation   total 4416K, used 2925K [0x00000007ec800000, 0x00000007eccc0000, 0x00000007f14a0000)
  eden space 3968K,  69% used [0x00000007ec800000, 0x00000007ecab1850, 0x00000007ecbe0000)
  from space 448K,  37% used [0x00000007ecbe0000, 0x00000007ecc09c00, 0x00000007ecc50000)
  to   space 448K,   0% used [0x00000007ecc50000, 0x00000007ecc50000, 0x00000007eccc0000)
 tenured generation   total 9856K, used 3059K [0x00000007f14a0000, 0x00000007f1e40000, 0x00000007fae00000)
   the space 9856K,  31% used [0x00000007f14a0000, 0x00000007f179cf08, 0x00000007f179d000, 0x00000007f1e40000)
 compacting perm gen  total 21248K, used 8794K [0x00000007fae00000, 0x00000007fc2c0000, 0x0000000800000000)
   the space 21248K,  41% used [0x00000007fae00000, 0x00000007fb696aa8, 0x00000007fb696c00, 0x00000007fc2c0000)
GC Heap History (10 events):
Event: 3.219 GC heap before
{Heap before GC invocations=9 (full 0):
 def new generation   total 4416K, used 4239K [0x00000007ec800000, 0x00000007eccc0000, 0x00000007f14a0000)
  eden space 3968K, 100% used [0x00000007ec800000, 0x00000007ecbe0000, 0x00000007ecbe0000)
  from space 448K,  60% used [0x00000007ecc50000, 0x00000007ecc93f30, 0x00000007eccc0000)
  to   space 448K,   0% used [0x00000007ecbe0000, 0x00000007ecbe0000, 0x00000007ecc50000)
 tenured generation   total 9856K, used 2797K [0x00000007f14a0000, 0x00000007f1e40000, 0x00000007fae00000)
   the space 9856K,  28% used [0x00000007f14a0000, 0x00000007f175b640, 0x00000007f175b800, 0x00000007f1e40000)
 compacting perm gen  total 21248K, used 8590K [0x00000007fae00000, 0x00000007fc2c0000, 0x0000000800000000)
   the space 21248K,  40% used [0x00000007fae00000, 0x00000007fb6638c8, 0x00000007fb663a00, 0x00000007fc2c0000)
No shared spaces configured.
Event: 3.222 GC heap after
Heap after GC invocations=10 (full 0):
 def new generation   total 4416K, used 372K [0x00000007ec800000, 0x00000007eccc0000, 0x00000007f14a0000)
  eden space 3968K,   0% used [0x00000007ec800000, 0x00000007ec800000, 0x00000007ecbe0000)
  from space 448K,  83% used [0x00000007ecbe0000, 0x00000007ecc3d308, 0x00000007ecc50000)
  to   space 448K,   0% used [0x00000007ecc50000, 0x00000007ecc50000, 0x00000007eccc0000)
 tenured generation   total 9856K, used 2962K [0x00000007f14a0000, 0x00000007f1e40000, 0x00000007fae00000)
   the space 9856K,  30% used [0x00000007f14a0000, 0x00000007f1784a60, 0x00000007f1784c00, 0x00000007f1e40000)
 compacting perm gen  total 21248K, used 8590K [0x00000007fae00000, 0x00000007fc2c0000, 0x0000000800000000)
   the space 21248K,  40% used [0x00000007fae00000, 0x00000007fb6638c8, 0x00000007fb663a00, 0x00000007fc2c0000)
No shared spaces configured.
}
Event: 3.714 GC heap before
{Heap before GC invocations=10 (full 0):
 def new generation   total 4416K, used 4340K [0x00000007ec800000, 0x00000007eccc0000, 0x00000007f14a0000)
  eden space 3968K, 100% used [0x00000007ec800000, 0x00000007ecbe0000, 0x00000007ecbe0000)
  from space 448K,  83% used [0x00000007ecbe0000, 0x00000007ecc3d308, 0x00000007ecc50000)
  to   space 448K,   0% used [0x00000007ecc50000, 0x00000007ecc50000, 0x00000007eccc0000)
 tenured generation   total 9856K, used 2962K [0x00000007f14a0000, 0x00000007f1e40000, 0x00000007fae00000)
   the space 9856K,  30% used [0x00000007f14a0000, 0x00000007f1784a60, 0x00000007f1784c00, 0x00000007f1e40000)
 compacting perm gen  total 21248K, used 8661K [0x00000007fae00000, 0x00000007fc2c0000, 0x0000000800000000)
   the space 21248K,  40% used [0x00000007fae00000, 0x00000007fb6756c8, 0x00000007fb675800, 0x00000007fc2c0000)
No shared spaces configured.
Event: 3.717 GC heap after
Heap after GC invocations=11 (full 0):
 def new generation   total 4416K, used 71K [0x00000007ec800000, 0x00000007eccc0000, 0x00000007f14a0000)
  eden space 3968K,   0% used [0x00000007ec800000, 0x00000007ec800000, 0x00000007ecbe0000)
  from space 448K,  15% used [0x00000007ecc50000, 0x00000007ecc61e00, 0x00000007eccc0000)
  to   space 448K,   0% used [0x00000007ecbe0000, 0x00000007ecbe0000, 0x00000007ecc50000)
 tenured generation   total 9856K, used 3059K [0x00000007f14a0000, 0x00000007f1e40000, 0x00000007fae00000)
   the space 9856K,  31% used [0x00000007f14a0000, 0x00000007f179cf08, 0x00000007f179d000, 0x00000007f1e40000)
 compacting perm gen  total 21248K, used 8661K [0x00000007fae00000, 0x00000007fc2c0000, 0x0000000800000000)
   the space 21248K,  40% used [0x00000007fae00000, 0x00000007fb6756c8, 0x00000007fb675800, 0x00000007fc2c0000)
No shared spaces configured.
}
Event: 4.124 GC heap before
{Heap before GC invocations=11 (full 0):
 def new generation   total 4416K, used 4039K [0x00000007ec800000, 0x00000007eccc0000, 0x00000007f14a0000)
  eden space 3968K, 100% used [0x00000007ec800000, 0x00000007ecbe0000, 0x00000007ecbe0000)
  from space 448K,  15% used [0x00000007ecc50000, 0x00000007ecc61e00, 0x00000007eccc0000)
  to   space 448K,   0% used [0x00000007ecbe0000, 0x00000007ecbe0000, 0x00000007ecc50000)
 tenured generation   total 9856K, used 3059K [0x00000007f14a0000, 0x00000007f1e40000, 0x00000007fae00000)
   the space 9856K,  31% used [0x00000007f14a0000, 0x00000007f179cf08, 0x00000007f179d000, 0x00000007f1e40000)
 compacting perm gen  total 21248K, used 8661K [0x00000007fae00000, 0x00000007fc2c0000, 0x0000000800000000)
   the space 21248K,  40% used [0x00000007fae00000, 0x00000007fb6757a0, 0x00000007fb675800, 0x00000007fc2c0000)
No shared spaces configured.
Event: 4.125 GC heap after
Heap after GC invocations=12 (full 0):
 def new generation   total 4416K, used 58K [0x00000007ec800000, 0x00000007eccc0000, 0x00000007f14a0000)
  eden space 3968K,   0% used [0x00000007ec800000, 0x00000007ec800000, 0x00000007ecbe0000)
  from space 448K,  13% used [0x00000007ecbe0000, 0x00000007ecbeea30, 0x00000007ecc50000)
  to   space 448K,   0% used [0x00000007ecc50000, 0x00000007ecc50000, 0x00000007eccc0000)
 tenured generation   total 9856K, used 3059K [0x00000007f14a0000, 0x00000007f1e40000, 0x00000007fae00000)
   the space 9856K,  31% used [0x00000007f14a0000, 0x00000007f179cf08, 0x00000007f179d000, 0x00000007f1e40000)
 compacting perm gen  total 21248K, used 8661K [0x00000007fae00000, 0x00000007fc2c0000, 0x0000000800000000)
   the space 21248K,  40% used [0x00000007fae00000, 0x00000007fb6757a0, 0x00000007fb675800, 0x00000007fc2c0000)
No shared spaces configured.
}
Event: 4.499 GC heap before
{Heap before GC invocations=12 (full 0):
 def new generation   total 4416K, used 3567K [0x00000007ec800000, 0x00000007eccc0000, 0x00000007f14a0000)
  eden space 3968K,  88% used [0x00000007ec800000, 0x00000007ecb6d500, 0x00000007ecbe0000)
  from space 448K,  13% used [0x00000007ecbe0000, 0x00000007ecbeea30, 0x00000007ecc50000)
  to   space 448K,   0% used [0x00000007ecc50000, 0x00000007ecc50000, 0x00000007eccc0000)
 tenured generation   total 9856K, used 3059K [0x00000007f14a0000, 0x00000007f1e40000, 0x00000007fae00000)
   the space 9856K,  31% used [0x00000007f14a0000, 0x00000007f179cf08, 0x00000007f179d000, 0x00000007f1e40000)
 compacting perm gen  total 21248K, used 8725K [0x00000007fae00000, 0x00000007fc2c0000, 0x0000000800000000)
   the space 21248K,  41% used [0x00000007fae00000, 0x00000007fb685708, 0x00000007fb685800, 0x00000007fc2c0000)
No shared spaces configured.
Event: 4.500 GC heap after
Heap after GC invocations=13 (full 0):
 def new generation   total 4416K, used 187K [0x00000007ec800000, 0x00000007eccc0000, 0x00000007f14a0000)
  eden space 3968K,   0% used [0x00000007ec800000, 0x00000007ec800000, 0x00000007ecbe0000)
  from space 448K,  41% used [0x00000007ecc50000, 0x00000007ecc7ec40, 0x00000007eccc0000)
  to   space 448K,   0% used [0x00000007ecbe0000, 0x00000007ecbe0000, 0x00000007ecc50000)
 tenured generation   total 9856K, used 3059K [0x00000007f14a0000, 0x00000007f1e40000, 0x00000007fae00000)
   the space 9856K,  31% used [0x00000007f14a0000, 0x00000007f179cf08, 0x00000007f179d000, 0x00000007f1e40000)
 compacting perm gen  total 21248K, used 8725K [0x00000007fae00000, 0x00000007fc2c0000, 0x0000000800000000)
   the space 21248K,  41% used [0x00000007fae00000, 0x00000007fb685708, 0x00000007fb685800, 0x00000007fc2c0000)
No shared spaces configured.
}
Event: 6.722 GC heap before
{Heap before GC invocations=13 (full 0):
 def new generation   total 4416K, used 3984K [0x00000007ec800000, 0x00000007eccc0000, 0x00000007f14a0000)
  eden space 3968K,  95% used [0x00000007ec800000, 0x00000007ecbb54d8, 0x00000007ecbe0000)
  from space 448K,  41% used [0x00000007ecc50000, 0x00000007ecc7ec40, 0x00000007eccc0000)
  to   space 448K,   0% used [0x00000007ecbe0000, 0x00000007ecbe0000, 0x00000007ecc50000)
 tenured generation   total 9856K, used 3059K [0x00000007f14a0000, 0x00000007f1e40000, 0x00000007fae00000)
   the space 9856K,  31% used [0x00000007f14a0000, 0x00000007f179cf08, 0x00000007f179d000, 0x00000007f1e40000)
 compacting perm gen  total 21248K, used 8775K [0x00000007fae00000, 0x00000007fc2c0000, 0x0000000800000000)
   the space 21248K,  41% used [0x00000007fae00000, 0x00000007fb691e90, 0x00000007fb692000, 0x00000007fc2c0000)
No shared spaces configured.
Event: 6.724 GC heap after
Heap after GC invocations=14 (full 0):
 def new generation   total 4416K, used 167K [0x00000007ec800000, 0x00000007eccc0000, 0x00000007f14a0000)
  eden space 3968K,   0% used [0x00000007ec800000, 0x00000007ec800000, 0x00000007ecbe0000)
  from space 448K,  37% used [0x00000007ecbe0000, 0x00000007ecc09c00, 0x00000007ecc50000)
  to   space 448K,   0% used [0x00000007ecc50000, 0x00000007ecc50000, 0x00000007eccc0000)
 tenured generation   total 9856K, used 3059K [0x00000007f14a0000, 0x00000007f1e40000, 0x00000007fae00000)
   the space 9856K,  31% used [0x00000007f14a0000, 0x00000007f179cf08, 0x00000007f179d000, 0x00000007f1e40000)
 compacting perm gen  total 21248K, used 8775K [0x00000007fae00000, 0x00000007fc2c0000, 0x0000000800000000)
   the space 21248K,  41% used [0x00000007fae00000, 0x00000007fb691e90, 0x00000007fb692000, 0x00000007fc2c0000)
No shared spaces configured.
}

