# JRE version: 7.0_21-b12
# Java VM: Java HotSpot(TM) 64-Bit Server VM (23.21-b01 mixed mode bsd-amd64 compressed oops)
Heap
 def new generation   total 4544K, used 3185K [0x00000007ec400000, 0x00000007ec8e0000, 0x00000007f1200000)
  eden space 4096K,  72% used [0x00000007ec400000, 0x00000007ec6e8ad0, 0x00000007ec800000)
  from space 448K,  46% used [0x00000007ec800000, 0x00000007ec833b18, 0x00000007ec870000)
  to   space 448K,   0% used [0x00000007ec870000, 0x00000007ec870000, 0x00000007ec8e0000)
 tenured generation   total 9984K, used 3361K [0x00000007f1200000, 0x00000007f1bc0000, 0x00000007fae00000)
   the space 9984K,  33% used [0x00000007f1200000, 0x00000007f1548550, 0x00000007f1548600, 0x00000007f1bc0000)
 compacting perm gen  total 21248K, used 8787K [0x00000007fae00000, 0x00000007fc2c0000, 0x0000000800000000)
   the space 21248K,  41% used [0x00000007fae00000, 0x00000007fb694c20, 0x00000007fb694e00, 0x00000007fc2c0000)
GC Heap History (10 events):
Event: 4.948 GC heap before
{Heap before GC invocations=11 (full 0):
 def new generation   total 4544K, used 4072K [0x00000007ec400000, 0x00000007ec8e0000, 0x00000007f1200000)
  eden space 4096K,  97% used [0x00000007ec400000, 0x00000007ec7e49a0, 0x00000007ec800000)
  from space 448K,  19% used [0x00000007ec870000, 0x00000007ec885688, 0x00000007ec8e0000)
  to   space 448K,   0% used [0x00000007ec800000, 0x00000007ec800000, 0x00000007ec870000)
 tenured generation   total 9984K, used 3248K [0x00000007f1200000, 0x00000007f1bc0000, 0x00000007fae00000)
   the space 9984K,  32% used [0x00000007f1200000, 0x00000007f152c220, 0x00000007f152c400, 0x00000007f1bc0000)
 compacting perm gen  total 21248K, used 8662K [0x00000007fae00000, 0x00000007fc2c0000, 0x0000000800000000)
   the space 21248K,  40% used [0x00000007fae00000, 0x00000007fb675b60, 0x00000007fb675c00, 0x00000007fc2c0000)
No shared spaces configured.
Event: 4.949 GC heap after
Heap after GC invocations=12 (full 0):
 def new generation   total 4544K, used 94K [0x00000007ec400000, 0x00000007ec8e0000, 0x00000007f1200000)
  eden space 4096K,   0% used [0x00000007ec400000, 0x00000007ec400000, 0x00000007ec800000)
  from space 448K,  21% used [0x00000007ec800000, 0x00000007ec817a60, 0x00000007ec870000)
  to   space 448K,   0% used [0x00000007ec870000, 0x00000007ec870000, 0x00000007ec8e0000)
 tenured generation   total 9984K, used 3248K [0x00000007f1200000, 0x00000007f1bc0000, 0x00000007fae00000)
   the space 9984K,  32% used [0x00000007f1200000, 0x00000007f152c220, 0x00000007f152c400, 0x00000007f1bc0000)
 compacting perm gen  total 21248K, used 8662K [0x00000007fae00000, 0x00000007fc2c0000, 0x0000000800000000)
   the space 21248K,  40% used [0x00000007fae00000, 0x00000007fb675b60, 0x00000007fb675c00, 0x00000007fc2c0000)
No shared spaces configured.
}
Event: 7.970 GC heap before
{Heap before GC invocations=12 (full 0):
 def new generation   total 4544K, used 4190K [0x00000007ec400000, 0x00000007ec8e0000, 0x00000007f1200000)
  eden space 4096K, 100% used [0x00000007ec400000, 0x00000007ec800000, 0x00000007ec800000)
  from space 448K,  21% used [0x00000007ec800000, 0x00000007ec817a60, 0x00000007ec870000)
  to   space 448K,   0% used [0x00000007ec870000, 0x00000007ec870000, 0x00000007ec8e0000)
 tenured generation   total 9984K, used 3248K [0x00000007f1200000, 0x00000007f1bc0000, 0x00000007fae00000)
   the space 9984K,  32% used [0x00000007f1200000, 0x00000007f152c220, 0x00000007f152c400, 0x00000007f1bc0000)
 compacting perm gen  total 21248K, used 8721K [0x00000007fae00000, 0x00000007fc2c0000, 0x0000000800000000)
   the space 21248K,  41% used [0x00000007fae00000, 0x00000007fb684678, 0x00000007fb684800, 0x00000007fc2c0000)
No shared spaces configured.
Event: 7.972 GC heap after
Heap after GC invocations=13 (full 0):
 def new generation   total 4544K, used 121K [0x00000007ec400000, 0x00000007ec8e0000, 0x00000007f1200000)
  eden space 4096K,   0% used [0x00000007ec400000, 0x00000007ec400000, 0x00000007ec800000)
  from space 448K,  27% used [0x00000007ec870000, 0x00000007ec88e568, 0x00000007ec8e0000)
  to   space 448K,   0% used [0x00000007ec800000, 0x00000007ec800000, 0x00000007ec870000)
 tenured generation   total 9984K, used 3248K [0x00000007f1200000, 0x00000007f1bc0000, 0x00000007fae00000)
   the space 9984K,  32% used [0x00000007f1200000, 0x00000007f152c220, 0x00000007f152c400, 0x00000007f1bc0000)
 compacting perm gen  total 21248K, used 8721K [0x00000007fae00000, 0x00000007fc2c0000, 0x0000000800000000)
   the space 21248K,  41% used [0x00000007fae00000, 0x00000007fb684678, 0x00000007fb684800, 0x00000007fc2c0000)
No shared spaces configured.
}
Event: 11.716 GC heap before
{Heap before GC invocations=13 (full 0):
 def new generation   total 4544K, used 4217K [0x00000007ec400000, 0x00000007ec8e0000, 0x00000007f1200000)
  eden space 4096K, 100% used [0x00000007ec400000, 0x00000007ec800000, 0x00000007ec800000)
  from space 448K,  27% used [0x00000007ec870000, 0x00000007ec88e568, 0x00000007ec8e0000)
  to   space 448K,   0% used [0x00000007ec800000, 0x00000007ec800000, 0x00000007ec870000)
 tenured generation   total 9984K, used 3248K [0x00000007f1200000, 0x00000007f1bc0000, 0x00000007fae00000)
   the space 9984K,  32% used [0x00000007f1200000, 0x00000007f152c220, 0x00000007f152c400, 0x00000007f1bc0000)
 compacting perm gen  total 21248K, used 8761K [0x00000007fae00000, 0x00000007fc2c0000, 0x0000000800000000)
   the space 21248K,  41% used [0x00000007fae00000, 0x00000007fb68e768, 0x00000007fb68e800, 0x00000007fc2c0000)
No shared spaces configured.
Event: 11.718 GC heap after
Heap after GC invocations=14 (full 0):
 def new generation   total 4544K, used 306K [0x00000007ec400000, 0x00000007ec8e0000, 0x00000007f1200000)
  eden space 4096K,   0% used [0x00000007ec400000, 0x00000007ec400000, 0x00000007ec800000)
  from space 448K,  68% used [0x00000007ec800000, 0x00000007ec84c9b8, 0x00000007ec870000)
  to   space 448K,   0% used [0x00000007ec870000, 0x00000007ec870000, 0x00000007ec8e0000)
 tenured generation   total 9984K, used 3248K [0x00000007f1200000, 0x00000007f1bc0000, 0x00000007fae00000)
   the space 9984K,  32% used [0x00000007f1200000, 0x00000007f152c220, 0x00000007f152c400, 0x00000007f1bc0000)
 compacting perm gen  total 21248K, used 8761K [0x00000007fae00000, 0x00000007fc2c0000, 0x0000000800000000)
   the space 21248K,  41% used [0x00000007fae00000, 0x00000007fb68e768, 0x00000007fb68e800, 0x00000007fc2c0000)
No shared spaces configured.
}
Event: 14.700 GC heap before
{Heap before GC invocations=14 (full 0):
 def new generation   total 4544K, used 4360K [0x00000007ec400000, 0x00000007ec8e0000, 0x00000007f1200000)
  eden space 4096K,  98% used [0x00000007ec400000, 0x00000007ec7f56f0, 0x00000007ec800000)
  from space 448K,  68% used [0x00000007ec800000, 0x00000007ec84c9b8, 0x00000007ec870000)
  to   space 448K,   0% used [0x00000007ec870000, 0x00000007ec870000, 0x00000007ec8e0000)
 tenured generation   total 9984K, used 3248K [0x00000007f1200000, 0x00000007f1bc0000, 0x00000007fae00000)
   the space 9984K,  32% used [0x00000007f1200000, 0x00000007f152c220, 0x00000007f152c400, 0x00000007f1bc0000)
 compacting perm gen  total 21248K, used 8765K [0x00000007fae00000, 0x00000007fc2c0000, 0x0000000800000000)
   the space 21248K,  41% used [0x00000007fae00000, 0x00000007fb68f580, 0x00000007fb68f600, 0x00000007fc2c0000)
No shared spaces configured.
Event: 14.702 GC heap after
Heap after GC invocations=15 (full 0):
 def new generation   total 4544K, used 173K [0x00000007ec400000, 0x00000007ec8e0000, 0x00000007f1200000)
  eden space 4096K,   0% used [0x00000007ec400000, 0x00000007ec400000, 0x00000007ec800000)
  from space 448K,  38% used [0x00000007ec870000, 0x00000007ec89b658, 0x00000007ec8e0000)
  to   space 448K,   0% used [0x00000007ec800000, 0x00000007ec800000, 0x00000007ec870000)
 tenured generation   total 9984K, used 3361K [0x00000007f1200000, 0x00000007f1bc0000, 0x00000007fae00000)
   the space 9984K,  33% used [0x00000007f1200000, 0x00000007f1548550, 0x00000007f1548600, 0x00000007f1bc0000)
 compacting perm gen  total 21248K, used 8765K [0x00000007fae00000, 0x00000007fc2c0000, 0x0000000800000000)
   the space 21248K,  41% used [0x00000007fae00000, 0x00000007fb68f580, 0x00000007fb68f600, 0x00000007fc2c0000)
No shared spaces configured.
}
Event: 18.369 GC heap before
{Heap before GC invocations=15 (full 0):
 def new generation   total 4544K, used 4269K [0x00000007ec400000, 0x00000007ec8e0000, 0x00000007f1200000)
  eden space 4096K, 100% used [0x00000007ec400000, 0x00000007ec800000, 0x00000007ec800000)
  from space 448K,  38% used [0x00000007ec870000, 0x00000007ec89b658, 0x00000007ec8e0000)
  to   space 448K,   0% used [0x00000007ec800000, 0x00000007ec800000, 0x00000007ec870000)
 tenured generation   total 9984K, used 3361K [0x00000007f1200000, 0x00000007f1bc0000, 0x00000007fae00000)
   the space 9984K,  33% used [0x00000007f1200000, 0x00000007f1548550, 0x00000007f1548600, 0x00000007f1bc0000)
 compacting perm gen  total 21248K, used 8777K [0x00000007fae00000, 0x00000007fc2c0000, 0x0000000800000000)
   the space 21248K,  41% used [0x00000007fae00000, 0x00000007fb692428, 0x00000007fb692600, 0x00000007fc2c0000)
No shared spaces configured.
Event: 18.371 GC heap after
Heap after GC invocations=16 (full 0):
 def new generation   total 4544K, used 206K [0x00000007ec400000, 0x00000007ec8e0000, 0x00000007f1200000)
  eden space 4096K,   0% used [0x00000007ec400000, 0x00000007ec400000, 0x00000007ec800000)
  from space 448K,  46% used [0x00000007ec800000, 0x00000007ec833b18, 0x00000007ec870000)
  to   space 448K,   0% used [0x00000007ec870000, 0x00000007ec870000, 0x00000007ec8e0000)
 tenured generation   total 9984K, used 3361K [0x00000007f1200000, 0x00000007f1bc0000, 0x00000007fae00000)
   the space 9984K,  33% used [0x00000007f1200000, 0x00000007f1548550, 0x00000007f1548600, 0x00000007f1bc0000)
 compacting perm gen  total 21248K, used 8777K [0x00000007fae00000, 0x00000007fc2c0000, 0x0000000800000000)
   the space 21248K,  41% used [0x00000007fae00000, 0x00000007fb692428, 0x00000007fb692600, 0x00000007fc2c0000)
No shared spaces configured.
}

